Inicializando servidor...
variáveis de ambiente do banco
conchayorodb conchayorouser conchayoropwd localhost 5432 postgres
Realizando conexão com banco de dados...
events.js:292
      throw er; // Unhandled 'error' event
      ^

Error: listen EADDRINUSE: address already in use :::3000
    at Server.setupListenHandle [as _listen2] (net.js:1313:16)
    at listenInCluster (net.js:1361:12)
    at Server.listen (net.js:1447:7)
    at Function.listen (/home/junilson/conchayoro/server/node_modules/express/lib/application.js:618:24)
    at Object.<anonymous> (/home/junilson/conchayoro/server/server.js:40:5)
    at Module._compile (internal/modules/cjs/loader.js:1118:30)
    at Object.Module._extensions..js (internal/modules/cjs/loader.js:1138:10)
    at Module.load (internal/modules/cjs/loader.js:982:32)
    at Function.Module._load (internal/modules/cjs/loader.js:875:14)
    at Function.executeUserEntryPoint [as runMain] (internal/modules/run_main.js:71:12)
    at internal/main/run_main_module.js:17:47
Emitted 'error' event on Server instance at:
    at emitErrorNT (net.js:1340:8)
    at processTicksAndRejections (internal/process/task_queues.js:84:21) {
  code: 'EADDRINUSE',
  errno: -98,
  syscall: 'listen',
  address: '::',
  port: 3000
}
Inicializando servidor...
variáveis de ambiente do banco
conchayorodb conchayorouser conchayoropwd localhost 5432 postgres
Realizando conexão com banco de dados...
Servidor está em execução na porta 3000
Executing (default): CREATE TABLE IF NOT EXISTS "Produto" ("id"   SERIAL , "nome" VARCHAR(255), "unidade" VARCHAR(255), "tipoProduto" VARCHAR(255), "precoUnitario" DOUBLE PRECISION, "createdAt" TIMESTAMP WITH TIME ZONE NOT NULL, "updatedAt" TIMESTAMP WITH TIME ZONE NOT NULL, PRIMARY KEY ("id"));
Executing (default): SELECT i.relname AS name, ix.indisprimary AS primary, ix.indisunique AS unique, ix.indkey AS indkey, array_agg(a.attnum) as column_indexes, array_agg(a.attname) AS column_names, pg_get_indexdef(ix.indexrelid) AS definition FROM pg_class t, pg_class i, pg_index ix, pg_attribute a WHERE t.oid = ix.indrelid AND i.oid = ix.indexrelid AND a.attrelid = t.oid AND t.relkind = 'r' and t.relname = 'Produto' GROUP BY i.relname, ix.indexrelid, ix.indisprimary, ix.indisunique, ix.indkey ORDER BY i.relname;
